  [1m[35m (186.6ms)[0m  [1m[35mCREATE DATABASE "params_development" ENCODING = 'unicode'[0m
  [1m[35m (101.0ms)[0m  [1m[35mCREATE DATABASE "params_test" ENCODING = 'unicode'[0m
Started GET "/" for ::1 at 2021-06-15 11:26:11 -0700
Processing by Rails::WelcomeController#index as HTML
  Rendering /Users/sarahproctor/.rvm/gems/ruby-3.0.0/gems/railties-6.1.3.2/lib/rails/templates/rails/welcome/index.html.erb
  Rendered /Users/sarahproctor/.rvm/gems/ruby-3.0.0/gems/railties-6.1.3.2/lib/rails/templates/rails/welcome/index.html.erb (Duration: 18.0ms | Allocations: 522)
Completed 200 OK in 52ms (Views: 28.1ms | ActiveRecord: 0.0ms | Allocations: 4215)


Started GET "/cubed" for ::1 at 2021-06-15 11:26:21 -0700
Processing by MainController#cubed as HTML
  Rendering layout layouts/application.html.erb
  Rendering main/cubed.html.erb within layouts/application
  Rendered main/cubed.html.erb within layouts/application (Duration: 1.0ms | Allocations: 133)
[Webpacker] Compiling...
[Webpacker] Compiled all packs in /Users/sarahproctor/Desktop/learn/rails_challenges/params/public/packs
[Webpacker] Though the "loose" option was set to "false" in your @babel/preset-env config, it will not be used for @babel/plugin-proposal-private-methods since the "loose" mode option was set to "true" for @babel/plugin-proposal-class-properties.
The "loose" option must be the same for @babel/plugin-proposal-class-properties, @babel/plugin-proposal-private-methods and @babel/plugin-proposal-private-property-in-object (when they are enabled): you can silence this warning by explicitly adding
	["@babel/plugin-proposal-private-methods", { "loose": true }]
to the "plugins" section of your Babel config.
Though the "loose" option was set to "false" in your @babel/preset-env config, it will not be used for @babel/plugin-proposal-private-methods since the "loose" mode option was set to "true" for @babel/plugin-proposal-class-properties.
The "loose" option must be the same for @babel/plugin-proposal-class-properties, @babel/plugin-proposal-private-methods and @babel/plugin-proposal-private-property-in-object (when they are enabled): you can silence this warning by explicitly adding
	["@babel/plugin-proposal-private-methods", { "loose": true }]
to the "plugins" section of your Babel config.
Though the "loose" option was set to "false" in your @babel/preset-env config, it will not be used for @babel/plugin-proposal-private-methods since the "loose" mode option was set to "true" for @babel/plugin-proposal-class-properties.
The "loose" option must be the same for @babel/plugin-proposal-class-properties, @babel/plugin-proposal-private-methods and @babel/plugin-proposal-private-property-in-object (when they are enabled): you can silence this warning by explicitly adding
	["@babel/plugin-proposal-private-methods", { "loose": true }]
to the "plugins" section of your Babel config.
Though the "loose" option was set to "false" in your @babel/preset-env config, it will not be used for @babel/plugin-proposal-private-methods since the "loose" mode option was set to "true" for @babel/plugin-proposal-class-properties.
The "loose" option must be the same for @babel/plugin-proposal-class-properties, @babel/plugin-proposal-private-methods and @babel/plugin-proposal-private-property-in-object (when they are enabled): you can silence this warning by explicitly adding
	["@babel/plugin-proposal-private-methods", { "loose": true }]
to the "plugins" section of your Babel config.
Though the "loose" option was set to "false" in your @babel/preset-env config, it will not be used for @babel/plugin-proposal-private-methods since the "loose" mode option was set to "true" for @babel/plugin-proposal-class-properties.
The "loose" option must be the same for @babel/plugin-proposal-class-properties, @babel/plugin-proposal-private-methods and @babel/plugin-proposal-private-property-in-object (when they are enabled): you can silence this warning by explicitly adding
	["@babel/plugin-proposal-private-methods", { "loose": true }]
to the "plugins" section of your Babel config.
Though the "loose" option was set to "false" in your @babel/preset-env config, it will not be used for @babel/plugin-proposal-private-methods since the "loose" mode option was set to "true" for @babel/plugin-proposal-class-properties.
The "loose" option must be the same for @babel/plugin-proposal-class-properties, @babel/plugin-proposal-private-methods and @babel/plugin-proposal-private-property-in-object (when they are enabled): you can silence this warning by explicitly adding
	["@babel/plugin-proposal-private-methods", { "loose": true }]
to the "plugins" section of your Babel config.

[Webpacker] Hash: e332c6419728fac579d5
Version: webpack 4.46.0
Time: 3326ms
Built at: 06/15/2021 11:26:28 AM
                                     Asset       Size       Chunks                         Chunk Names
    js/application-f826770d917d8a37c1d8.js    125 KiB  application  [emitted] [immutable]  application
js/application-f826770d917d8a37c1d8.js.map    139 KiB  application  [emitted] [dev]        application
                             manifest.json  364 bytes               [emitted]              
Entrypoint application = js/application-f826770d917d8a37c1d8.js js/application-f826770d917d8a37c1d8.js.map
[./app/javascript/channels sync recursive _channel\.js$] ./app/javascript/channels sync _channel\.js$ 160 bytes {application} [built]
[./app/javascript/channels/index.js] 211 bytes {application} [built]
[./app/javascript/packs/application.js] 492 bytes {application} [built]
[./node_modules/webpack/buildin/module.js] (webpack)/buildin/module.js 552 bytes {application} [built]
    + 3 hidden modules

  Rendered layout layouts/application.html.erb (Duration: 6950.2ms | Allocations: 11468)
Completed 200 OK in 6963ms (Views: 6957.3ms | ActiveRecord: 0.0ms | Allocations: 12734)


Started GET "/cubed/6" for ::1 at 2021-06-15 11:26:44 -0700
Processing by MainController#cubed as HTML
  Parameters: {"number"=>"6"}
  Rendering layout layouts/application.html.erb
  Rendering main/cubed.html.erb within layouts/application
  Rendered main/cubed.html.erb within layouts/application (Duration: 0.2ms | Allocations: 43)
[Webpacker] Everything's up-to-date. Nothing to do
  Rendered layout layouts/application.html.erb (Duration: 7.6ms | Allocations: 3422)
Completed 200 OK in 13ms (Views: 10.4ms | ActiveRecord: 0.0ms | Allocations: 4093)


Started GET "/cubed/3" for ::1 at 2021-06-15 11:26:48 -0700
Processing by MainController#cubed as HTML
  Parameters: {"number"=>"3"}
  Rendering layout layouts/application.html.erb
  Rendering main/cubed.html.erb within layouts/application
  Rendered main/cubed.html.erb within layouts/application (Duration: 0.4ms | Allocations: 41)
[Webpacker] Everything's up-to-date. Nothing to do
  Rendered layout layouts/application.html.erb (Duration: 8.7ms | Allocations: 3377)
Completed 200 OK in 11ms (Views: 9.7ms | ActiveRecord: 0.0ms | Allocations: 3833)


Started GET "/evenly/4/2" for ::1 at 2021-06-15 11:33:29 -0700
  
ActionController::RoutingError (No route matches [GET] "/evenly/4/2"):
  
Started GET "/evenly/4/2" for ::1 at 2021-06-15 11:33:42 -0700
Processing by MainController#evenly as HTML
  Parameters: {"number1"=>"4", "number2"=>"2"}
  Rendering layout layouts/application.html.erb
  Rendering main/evenly.html.erb within layouts/application
  Rendered main/evenly.html.erb within layouts/application (Duration: 0.8ms | Allocations: 129)
[Webpacker] Everything's up-to-date. Nothing to do
  Rendered layout layouts/application.html.erb (Duration: 24.5ms | Allocations: 3670)
Completed 200 OK in 35ms (Views: 32.9ms | Allocations: 4917)


Started GET "/evenly/4/1" for ::1 at 2021-06-15 11:33:46 -0700
Processing by MainController#evenly as HTML
  Parameters: {"number1"=>"4", "number2"=>"1"}
  Rendering layout layouts/application.html.erb
  Rendering main/evenly.html.erb within layouts/application
  Rendered main/evenly.html.erb within layouts/application (Duration: 0.2ms | Allocations: 41)
[Webpacker] Everything's up-to-date. Nothing to do
  Rendered layout layouts/application.html.erb (Duration: 10.6ms | Allocations: 3376)
Completed 200 OK in 13ms (Views: 12.0ms | Allocations: 3827)


Started GET "/evenly/4/3" for ::1 at 2021-06-15 11:33:51 -0700
Processing by MainController#evenly as HTML
  Parameters: {"number1"=>"4", "number2"=>"3"}
  Rendering layout layouts/application.html.erb
  Rendering main/evenly.html.erb within layouts/application
  Rendered main/evenly.html.erb within layouts/application (Duration: 0.2ms | Allocations: 41)
[Webpacker] Everything's up-to-date. Nothing to do
  Rendered layout layouts/application.html.erb (Duration: 10.9ms | Allocations: 3383)
Completed 200 OK in 14ms (Views: 11.8ms | Allocations: 3837)


Started GET "/string/hello" for ::1 at 2021-06-15 11:36:42 -0700
Processing by MainController#string as HTML
  Parameters: {"string"=>"hello"}
  Rendering layout layouts/application.html.erb
  Rendering main/string.html.erb within layouts/application
  Rendered main/string.html.erb within layouts/application (Duration: 2.2ms | Allocations: 1506)
  Rendered layout layouts/application.html.erb (Duration: 2.6ms | Allocations: 1575)
Completed 500 Internal Server Error in 5ms (Allocations: 2704)


  
ActionView::Template::Error (undefined method `length' for nil:NilClass):
    1: <h2>Lengthof String</h2>
    2: <p>The string <%= @string %> is <%= @string.length %> characters long.</p>
  
app/views/main/string.html.erb:2
Started GET "/string/hello" for ::1 at 2021-06-15 11:37:13 -0700
Processing by MainController#string as HTML
  Parameters: {"string"=>"hello"}
  Rendering layout layouts/application.html.erb
  Rendering main/string.html.erb within layouts/application
  Rendered main/string.html.erb within layouts/application (Duration: 0.6ms | Allocations: 137)
[Webpacker] Everything's up-to-date. Nothing to do
  Rendered layout layouts/application.html.erb (Duration: 8.3ms | Allocations: 3697)
Completed 200 OK in 14ms (Views: 12.8ms | Allocations: 4818)


Started GET "/string/hello" for ::1 at 2021-06-15 11:37:31 -0700
Processing by MainController#string as HTML
  Parameters: {"string"=>"hello"}
  Rendering layout layouts/application.html.erb
  Rendering main/string.html.erb within layouts/application
  Rendered main/string.html.erb within layouts/application (Duration: 3.7ms | Allocations: 1489)
  Rendered layout layouts/application.html.erb (Duration: 4.1ms | Allocations: 1558)
Completed 500 Internal Server Error in 11ms (Allocations: 2641)


  
ActionView::Template::Error (undefined method `length' for nil:NilClass):
    1: <h2>Lengthof String</h2>
    2: <p>The string <%= @string %> is <%= @string.length %> characters long.</p>
  
app/views/main/string.html.erb:2
Started GET "/string/hello" for ::1 at 2021-06-15 11:37:48 -0700
Processing by MainController#string as HTML
  Parameters: {"string"=>"hello"}
  Rendering layout layouts/application.html.erb
  Rendering main/string.html.erb within layouts/application
  Rendered main/string.html.erb within layouts/application (Duration: 0.7ms | Allocations: 137)
[Webpacker] Everything's up-to-date. Nothing to do
  Rendered layout layouts/application.html.erb (Duration: 7.7ms | Allocations: 3697)
Completed 200 OK in 15ms (Views: 10.7ms | Allocations: 4817)


Started GET "/length/hello" for ::1 at 2021-06-15 11:39:07 -0700
Processing by MainController#length as HTML
  Parameters: {"word"=>"hello"}
  Rendering layout layouts/application.html.erb
  Rendering main/length.html.erb within layouts/application
  Rendered main/length.html.erb within layouts/application (Duration: 3.6ms | Allocations: 141)
[Webpacker] Everything's up-to-date. Nothing to do
  Rendered layout layouts/application.html.erb (Duration: 11.1ms | Allocations: 3685)
Completed 200 OK in 15ms (Views: 13.2ms | Allocations: 4929)


Started GET "/palindrome/racecar" for ::1 at 2021-06-15 11:47:01 -0700
Processing by MainController#palindrome as HTML
  Parameters: {"word"=>"racecar"}
  Rendering layout layouts/application.html.erb
  Rendering main/palindrome.html.erb within layouts/application
  Rendered main/palindrome.html.erb within layouts/application (Duration: 1.4ms | Allocations: 128)
[Webpacker] Everything's up-to-date. Nothing to do
  Rendered layout layouts/application.html.erb (Duration: 14.0ms | Allocations: 3669)
Completed 200 OK in 22ms (Views: 19.5ms | Allocations: 4919)


Started GET "/palindrome/raceca" for ::1 at 2021-06-15 11:47:05 -0700
Processing by MainController#palindrome as HTML
  Parameters: {"word"=>"raceca"}
  Rendering layout layouts/application.html.erb
  Rendering main/palindrome.html.erb within layouts/application
  Rendered main/palindrome.html.erb within layouts/application (Duration: 0.2ms | Allocations: 41)
[Webpacker] Everything's up-to-date. Nothing to do
  Rendered layout layouts/application.html.erb (Duration: 10.6ms | Allocations: 3376)
Completed 200 OK in 13ms (Views: 11.9ms | Allocations: 3828)


Started GET "/palindrome/racecaR" for ::1 at 2021-06-15 11:47:11 -0700
Processing by MainController#palindrome as HTML
  Parameters: {"word"=>"racecaR"}
  Rendering layout layouts/application.html.erb
  Rendering main/palindrome.html.erb within layouts/application
  Rendered main/palindrome.html.erb within layouts/application (Duration: 0.2ms | Allocations: 40)
[Webpacker] Everything's up-to-date. Nothing to do
  Rendered layout layouts/application.html.erb (Duration: 10.2ms | Allocations: 3375)
Completed 200 OK in 13ms (Views: 11.6ms | Allocations: 3827)


Started GET "/palindrome/racecaR" for ::1 at 2021-06-15 11:47:28 -0700
Processing by MainController#palindrome as HTML
  Parameters: {"word"=>"racecaR"}
  Rendering layout layouts/application.html.erb
  Rendering main/palindrome.html.erb within layouts/application
  Rendered main/palindrome.html.erb within layouts/application (Duration: 0.6ms | Allocations: 132)
[Webpacker] Everything's up-to-date. Nothing to do
  Rendered layout layouts/application.html.erb (Duration: 9.6ms | Allocations: 3711)
Completed 200 OK in 18ms (Views: 14.5ms | Allocations: 4930)


Started GET "/madlib/fast/okapi/jumping/banana/home/pretty" for ::1 at 2021-06-15 14:59:44 -0700
Processing by MainController#madlib as HTML
  Parameters: {"adjective"=>"fast", "animal"=>"okapi", "verb"=>"jumping", "noun1"=>"banana", "noun2"=>"home", "adverb"=>"pretty"}
Completed 406 Not Acceptable in 7ms (Allocations: 1911)


  
ActionController::MissingExactTemplate (MainController#madlib is missing a template for request formats: text/html):
  
actionpack (6.1.3.2) lib/action_controller/metal/implicit_render.rb:45:in `default_render'
actionpack (6.1.3.2) lib/action_controller/metal/basic_implicit_render.rb:6:in `block in send_action'
<internal:kernel>:90:in `tap'
actionpack (6.1.3.2) lib/action_controller/metal/basic_implicit_render.rb:6:in `send_action'
actionpack (6.1.3.2) lib/abstract_controller/base.rb:228:in `process_action'
actionpack (6.1.3.2) lib/action_controller/metal/rendering.rb:30:in `process_action'
actionpack (6.1.3.2) lib/abstract_controller/callbacks.rb:42:in `block in process_action'
activesupport (6.1.3.2) lib/active_support/callbacks.rb:117:in `block in run_callbacks'
actiontext (6.1.3.2) lib/action_text/rendering.rb:20:in `with_renderer'
actiontext (6.1.3.2) lib/action_text/engine.rb:55:in `block (4 levels) in <class:Engine>'
activesupport (6.1.3.2) lib/active_support/callbacks.rb:126:in `instance_exec'
activesupport (6.1.3.2) lib/active_support/callbacks.rb:126:in `block in run_callbacks'
activesupport (6.1.3.2) lib/active_support/callbacks.rb:137:in `run_callbacks'
actionpack (6.1.3.2) lib/abstract_controller/callbacks.rb:41:in `process_action'
actionpack (6.1.3.2) lib/action_controller/metal/rescue.rb:22:in `process_action'
actionpack (6.1.3.2) lib/action_controller/metal/instrumentation.rb:34:in `block in process_action'
activesupport (6.1.3.2) lib/active_support/notifications.rb:203:in `block in instrument'
activesupport (6.1.3.2) lib/active_support/notifications/instrumenter.rb:24:in `instrument'
activesupport (6.1.3.2) lib/active_support/notifications.rb:203:in `instrument'
actionpack (6.1.3.2) lib/action_controller/metal/instrumentation.rb:33:in `process_action'
actionpack (6.1.3.2) lib/action_controller/metal/params_wrapper.rb:249:in `process_action'
activerecord (6.1.3.2) lib/active_record/railties/controller_runtime.rb:27:in `process_action'
actionpack (6.1.3.2) lib/abstract_controller/base.rb:165:in `process'
actionview (6.1.3.2) lib/action_view/rendering.rb:39:in `process'
actionpack (6.1.3.2) lib/action_controller/metal.rb:190:in `dispatch'
actionpack (6.1.3.2) lib/action_controller/metal.rb:254:in `dispatch'
actionpack (6.1.3.2) lib/action_dispatch/routing/route_set.rb:50:in `dispatch'
actionpack (6.1.3.2) lib/action_dispatch/routing/route_set.rb:33:in `serve'
actionpack (6.1.3.2) lib/action_dispatch/journey/router.rb:50:in `block in serve'
actionpack (6.1.3.2) lib/action_dispatch/journey/router.rb:32:in `each'
actionpack (6.1.3.2) lib/action_dispatch/journey/router.rb:32:in `serve'
actionpack (6.1.3.2) lib/action_dispatch/routing/route_set.rb:842:in `call'
rack (2.2.3) lib/rack/tempfile_reaper.rb:15:in `call'
rack (2.2.3) lib/rack/etag.rb:27:in `call'
rack (2.2.3) lib/rack/conditional_get.rb:27:in `call'
rack (2.2.3) lib/rack/head.rb:12:in `call'
actionpack (6.1.3.2) lib/action_dispatch/http/permissions_policy.rb:22:in `call'
actionpack (6.1.3.2) lib/action_dispatch/http/content_security_policy.rb:18:in `call'
rack (2.2.3) lib/rack/session/abstract/id.rb:266:in `context'
rack (2.2.3) lib/rack/session/abstract/id.rb:260:in `call'
actionpack (6.1.3.2) lib/action_dispatch/middleware/cookies.rb:689:in `call'
activerecord (6.1.3.2) lib/active_record/migration.rb:601:in `call'
actionpack (6.1.3.2) lib/action_dispatch/middleware/callbacks.rb:27:in `block in call'
activesupport (6.1.3.2) lib/active_support/callbacks.rb:98:in `run_callbacks'
actionpack (6.1.3.2) lib/action_dispatch/middleware/callbacks.rb:26:in `call'
actionpack (6.1.3.2) lib/action_dispatch/middleware/executor.rb:14:in `call'
actionpack (6.1.3.2) lib/action_dispatch/middleware/actionable_exceptions.rb:18:in `call'
actionpack (6.1.3.2) lib/action_dispatch/middleware/debug_exceptions.rb:29:in `call'
web-console (4.1.0) lib/web_console/middleware.rb:132:in `call_app'
web-console (4.1.0) lib/web_console/middleware.rb:28:in `block in call'
web-console (4.1.0) lib/web_console/middleware.rb:17:in `catch'
web-console (4.1.0) lib/web_console/middleware.rb:17:in `call'
actionpack (6.1.3.2) lib/action_dispatch/middleware/show_exceptions.rb:33:in `call'
railties (6.1.3.2) lib/rails/rack/logger.rb:37:in `call_app'
railties (6.1.3.2) lib/rails/rack/logger.rb:26:in `block in call'
activesupport (6.1.3.2) lib/active_support/tagged_logging.rb:99:in `block in tagged'
activesupport (6.1.3.2) lib/active_support/tagged_logging.rb:37:in `tagged'
activesupport (6.1.3.2) lib/active_support/tagged_logging.rb:99:in `tagged'
railties (6.1.3.2) lib/rails/rack/logger.rb:26:in `call'
sprockets-rails (3.2.2) lib/sprockets/rails/quiet_assets.rb:13:in `call'
actionpack (6.1.3.2) lib/action_dispatch/middleware/remote_ip.rb:81:in `call'
actionpack (6.1.3.2) lib/action_dispatch/middleware/request_id.rb:26:in `call'
rack (2.2.3) lib/rack/method_override.rb:24:in `call'
rack (2.2.3) lib/rack/runtime.rb:22:in `call'
activesupport (6.1.3.2) lib/active_support/cache/strategy/local_cache_middleware.rb:29:in `call'
actionpack (6.1.3.2) lib/action_dispatch/middleware/executor.rb:14:in `call'
actionpack (6.1.3.2) lib/action_dispatch/middleware/static.rb:24:in `call'
rack (2.2.3) lib/rack/sendfile.rb:110:in `call'
actionpack (6.1.3.2) lib/action_dispatch/middleware/host_authorization.rb:98:in `call'
rack-mini-profiler (2.3.2) lib/mini_profiler/profiler.rb:384:in `call'
webpacker (5.4.0) lib/webpacker/dev_server_proxy.rb:25:in `perform_request'
rack-proxy (0.7.0) lib/rack/proxy.rb:63:in `call'
railties (6.1.3.2) lib/rails/engine.rb:539:in `call'
puma (5.3.2) lib/puma/configuration.rb:249:in `call'
puma (5.3.2) lib/puma/request.rb:77:in `block in handle_request'
puma (5.3.2) lib/puma/thread_pool.rb:338:in `with_force_shutdown'
puma (5.3.2) lib/puma/request.rb:76:in `handle_request'
puma (5.3.2) lib/puma/server.rb:438:in `process_client'
puma (5.3.2) lib/puma/thread_pool.rb:145:in `block in spawn_thread'
Started GET "/madlib/fast/okapi/jumping/banana/home/pretty" for ::1 at 2021-06-15 15:00:42 -0700
Processing by MainController#madlib as HTML
  Parameters: {"adjective"=>"fast", "animal"=>"okapi", "verb"=>"jumping", "noun1"=>"banana", "noun2"=>"home", "adverb"=>"pretty"}
  Rendering layout layouts/application.html.erb
  Rendering main/madlib.html.erb within layouts/application
  Rendered main/madlib.html.erb within layouts/application (Duration: 0.7ms | Allocations: 128)
[Webpacker] Everything's up-to-date. Nothing to do
  Rendered layout layouts/application.html.erb (Duration: 25.5ms | Allocations: 3707)
Completed 200 OK in 31ms (Views: 29.4ms | Allocations: 4934)


